  Creating proxy/bridge routines
  Enclave.cpp
Enclave.cpp(36): warning C4267: 'argument': conversion from 'size_t' to 'uint32_t', possible loss of data
Enclave.cpp(49): warning C4267: 'argument': conversion from 'size_t' to 'uint32_t', possible loss of data
  Enclave_t.c
     Creating library D:\Enigma\SGX\MyProjects\Enclave\x64\Debug\Enclave.lib and object D:\Enigma\SGX\MyProjects\Enclave\x64\Debug\Enclave.exp
  Enclave.vcxproj -> D:\Enigma\SGX\MyProjects\Enclave\x64\Debug\Enclave.dll
  Enclave.vcxproj -> D:\Enigma\SGX\MyProjects\Enclave\x64\Debug\Enclave.pdb (Full PDB)
  The required memory is 0x1e4000.
  Succeed.
  <EnclaveConfiguration>
      <ProdID>0</ProdID>
      <ISVSVN>0</ISVSVN>
      <StackMaxSize>0x40000</StackMaxSize>
      <HeapMaxSize>0x100000</HeapMaxSize>
      <TCSNum>1</TCSNum>
      <TCSPolicy>1</TCSPolicy>
      <DisableDebug>0</DisableDebug>
      <MiscSelect>0</MiscSelect>
      <MiscMask>0xFFFFFFFF</MiscMask>
  </EnclaveConfiguration>
