d:\enigma\sgx\myprojects\enclave\enclave\x64\debug\vc140.pdb
d:\enigma\sgx\myprojects\enclave\enclave\x64\debug\enclave.obj
d:\enigma\sgx\myprojects\enclave\enclave\x64\debug\enclave_t.obj
d:\enigma\sgx\myprojects\enclave\enclave\enclave_t.h
d:\enigma\sgx\myprojects\enclave\enclave\enclave_t.c
d:\enigma\sgx\myprojects\enclave\x64\debug\enclave.lib
d:\enigma\sgx\myprojects\enclave\x64\debug\enclave.exp
d:\enigma\sgx\myprojects\enclave\enclave\x64\debug\vcpkg.applocal.log
d:\enigma\sgx\myprojects\enclave\x64\debug\enclave.dll
d:\enigma\sgx\myprojects\enclave\x64\debug\enclave.pdb
d:\enigma\sgx\myprojects\enclave\enclave\x64\debug\enclave.tlog\cl.command.1.tlog
d:\enigma\sgx\myprojects\enclave\enclave\x64\debug\enclave.tlog\cl.read.1.tlog
d:\enigma\sgx\myprojects\enclave\enclave\x64\debug\enclave.tlog\cl.write.1.tlog
d:\enigma\sgx\myprojects\enclave\enclave\x64\debug\enclave.tlog\custombuild.command.1.tlog
d:\enigma\sgx\myprojects\enclave\enclave\x64\debug\enclave.tlog\custombuild.read.1.tlog
d:\enigma\sgx\myprojects\enclave\enclave\x64\debug\enclave.tlog\custombuild.write.1.tlog
d:\enigma\sgx\myprojects\enclave\enclave\x64\debug\enclave.tlog\enclave.write.1u.tlog
d:\enigma\sgx\myprojects\enclave\enclave\x64\debug\enclave.tlog\link.command.1.tlog
d:\enigma\sgx\myprojects\enclave\enclave\x64\debug\enclave.tlog\link.read.1.tlog
d:\enigma\sgx\myprojects\enclave\enclave\x64\debug\enclave.tlog\link.write.1.tlog
