d:\enigma\sgx\myprojects\enclave\ubridge\x64\debug\vc140.pdb
d:\enigma\sgx\myprojects\enclave\ubridge\x64\debug\vc140.idb
d:\enigma\sgx\myprojects\enclave\ubridge\x64\debug\bridge.obj
d:\enigma\sgx\myprojects\enclave\ubridge\x64\debug\enclave_u.obj
d:\enigma\sgx\myprojects\enclave\ubridge\enclave_u.h
d:\enigma\sgx\myprojects\enclave\ubridge\enclave_u.c
d:\enigma\sgx\myprojects\enclave\x64\debug\ubridge.ilk
d:\enigma\sgx\myprojects\enclave\x64\debug\ubridge.exe
d:\enigma\sgx\myprojects\enclave\x64\debug\ubridge.pdb
d:\enigma\sgx\myprojects\enclave\ubridge\x64\debug\vcpkg.applocal.log
d:\enigma\sgx\myprojects\enclave\ubridge\x64\debug\ubridge.tlog\cl.command.1.tlog
d:\enigma\sgx\myprojects\enclave\ubridge\x64\debug\ubridge.tlog\cl.read.1.tlog
d:\enigma\sgx\myprojects\enclave\ubridge\x64\debug\ubridge.tlog\cl.write.1.tlog
d:\enigma\sgx\myprojects\enclave\ubridge\x64\debug\ubridge.tlog\custombuild.command.1.tlog
d:\enigma\sgx\myprojects\enclave\ubridge\x64\debug\ubridge.tlog\custombuild.read.1.tlog
d:\enigma\sgx\myprojects\enclave\ubridge\x64\debug\ubridge.tlog\custombuild.write.1.tlog
d:\enigma\sgx\myprojects\enclave\ubridge\x64\debug\ubridge.tlog\link.command.1.tlog
d:\enigma\sgx\myprojects\enclave\ubridge\x64\debug\ubridge.tlog\link.read.1.tlog
d:\enigma\sgx\myprojects\enclave\ubridge\x64\debug\ubridge.tlog\link.write.1.tlog
d:\enigma\sgx\myprojects\enclave\ubridge\x64\debug\ubridge.tlog\ubridge.write.1u.tlog
